This file contains any messages produced by compilers while
running configure, to aid debugging if configure makes a mistake.

It was created by configure, which was
generated by GNU Autoconf 2.59.  Invocation command line was

  $ ./configure 

## --------- ##
## Platform. ##
## --------- ##

hostname = flora220.uki-uki.net
uname -m = i386
uname -r = 5.4-RELEASE
uname -s = FreeBSD
uname -v = FreeBSD 5.4-RELEASE #53: Sat Dec 10 17:28:27 JST 2005     suz@flora220.uki-uki.net:/usr/local/src/KAME/kame/freebsd5/sys/i386/compile/GENERIC.KAME 

/usr/bin/uname -p = i386
/bin/uname -X     = unknown

/bin/arch              = unknown
/usr/bin/arch -k       = unknown
/usr/convex/getsysinfo = unknown
hostinfo               = unknown
/bin/machine           = unknown
/usr/bin/oslevel       = unknown
/bin/universe          = unknown

PATH: /usr/local/v6/bin
PATH: /usr/local/v6/sbin
PATH: /usr/local/sbin
PATH: /usr/local/bin
PATH: /usr/sbin
PATH: /sbin
PATH: /usr/X11/bin
PATH: /usr/contrib/bin
PATH: /usr/local/v6/bin
PATH: /usr/local/v6/sbin
PATH: /usr/local/sbin
PATH: /usr/local/bin
PATH: /usr/sbin
PATH: /sbin
PATH: /usr/X11/bin
PATH: /usr/contrib/bin
PATH: /sbin
PATH: /bin
PATH: /usr/sbin
PATH: /usr/bin
PATH: /usr/games
PATH: /usr/local/sbin
PATH: /usr/local/bin
PATH: /usr/X11R6/bin
PATH: /home/suz/bin


## ----------- ##
## Core tests. ##
## ----------- ##

configure:1342: checking for a BSD-compatible install
configure:1397: result: /usr/bin/install -c
configure:1408: checking whether make sets $(MAKE)
configure:1428: result: yes
configure:1483: checking for gcc
configure:1499: found /usr/bin/gcc
configure:1509: result: gcc
configure:1753: checking for C compiler version
configure:1756: gcc --version </dev/null >&5
gcc (GCC) 3.4.2 [FreeBSD] 20040728
Copyright (C) 2004 Free Software Foundation, Inc.
This is free software; see the source for copying conditions.  There is NO
warranty; not even for MERCHANTABILITY or FITNESS FOR A PARTICULAR PURPOSE.

configure:1759: $? = 0
configure:1761: gcc -v </dev/null >&5
Using built-in specs.
Configured with: FreeBSD/i386 system compiler
Thread model: posix
gcc version 3.4.2 [FreeBSD] 20040728
configure:1764: $? = 0
configure:1766: gcc -V </dev/null >&5
gcc: `-V' option must have argument
configure:1769: $? = 1
configure:1792: checking for C compiler default output file name
configure:1795: gcc    conftest.c  >&5
configure:1798: $? = 0
configure:1844: result: a.out
configure:1849: checking whether the C compiler works
configure:1855: ./a.out
configure:1858: $? = 0
configure:1875: result: yes
configure:1882: checking whether we are cross compiling
configure:1884: result: no
configure:1887: checking for suffix of executables
configure:1889: gcc -o conftest    conftest.c  >&5
configure:1892: $? = 0
configure:1917: result: 
configure:1923: checking for suffix of object files
configure:1944: gcc -c   conftest.c >&5
configure:1947: $? = 0
configure:1969: result: o
configure:1973: checking whether we are using the GNU C compiler
configure:1997: gcc -c   conftest.c >&5
configure:2003: $? = 0
configure:2007: test -z 
			 || test ! -s conftest.err
configure:2010: $? = 0
configure:2013: test -s conftest.o
configure:2016: $? = 0
configure:2029: result: yes
configure:2035: checking whether gcc accepts -g
configure:2056: gcc -c -g  conftest.c >&5
configure:2062: $? = 0
configure:2066: test -z 
			 || test ! -s conftest.err
configure:2069: $? = 0
configure:2072: test -s conftest.o
configure:2075: $? = 0
configure:2086: result: yes
configure:2103: checking for gcc option to accept ANSI C
configure:2173: gcc  -c -g -O2  conftest.c >&5
configure:2179: $? = 0
configure:2183: test -z 
			 || test ! -s conftest.err
configure:2186: $? = 0
configure:2189: test -s conftest.o
configure:2192: $? = 0
configure:2210: result: none needed
configure:2228: gcc -c -g -O2  conftest.c >&5
conftest.c:2: error: syntax error before "me"
configure:2234: $? = 1
configure: failed program was:
| #ifndef __cplusplus
|   choke me
| #endif
configure:2372: checking how to run the C preprocessor
configure:2407: gcc -E  conftest.c
configure:2413: $? = 0
configure:2445: gcc -E  conftest.c
conftest.c:9:28: ac_nonexistent.h: No such file or directory
configure:2451: $? = 1
configure: failed program was:
| /* confdefs.h.  */
| 
| #define PACKAGE_NAME ""
| #define PACKAGE_TARNAME ""
| #define PACKAGE_VERSION ""
| #define PACKAGE_STRING ""
| #define PACKAGE_BUGREPORT ""
| /* end confdefs.h.  */
| #include <ac_nonexistent.h>
configure:2490: result: gcc -E
configure:2514: gcc -E  conftest.c
configure:2520: $? = 0
configure:2552: gcc -E  conftest.c
conftest.c:9:28: ac_nonexistent.h: No such file or directory
configure:2558: $? = 1
configure: failed program was:
| /* confdefs.h.  */
| 
| #define PACKAGE_NAME ""
| #define PACKAGE_TARNAME ""
| #define PACKAGE_VERSION ""
| #define PACKAGE_STRING ""
| #define PACKAGE_BUGREPORT ""
| /* end confdefs.h.  */
| #include <ac_nonexistent.h>
configure:2606: checking for getaddrinfo/getnameinfo library
configure:2610: checking for egrep
configure:2620: result: grep -E
configure:2642: result: kame
configure:2652: checking for getaddrinfo in -linet6
configure:2682: gcc -o conftest -g -O2 -I$(srcdir)   conftest.c -linet6   -L/usr/local/v6/lib >&5
/usr/bin/ld: cannot find -linet6
configure:2688: $? = 1
configure: failed program was:
| /* confdefs.h.  */
| 
| #define PACKAGE_NAME ""
| #define PACKAGE_TARNAME ""
| #define PACKAGE_VERSION ""
| #define PACKAGE_STRING ""
| #define PACKAGE_BUGREPORT ""
| #define INET6 1
| /* end confdefs.h.  */
| 
| /* Override any gcc2 internal prototype to avoid an error.  */
| #ifdef __cplusplus
| extern "C"
| #endif
| /* We use char because int might match the return type of a gcc2
|    builtin and then its argument prototype would still apply.  */
| char getaddrinfo ();
| int
| main ()
| {
| getaddrinfo ();
|   ;
|   return 0;
| }
configure:2714: result: no
configure:2735: checking for getaddrinfo
configure:2792: gcc -o conftest -g -O2 -I$(srcdir)   conftest.c  >&5
configure:2798: $? = 0
configure:2802: test -z 
			 || test ! -s conftest.err
configure:2805: $? = 0
configure:2808: test -s conftest
configure:2811: $? = 0
configure:2823: result: yes
configure:2847: checking for getnameinfo
configure:2904: gcc -o conftest -g -O2 -I$(srcdir)   conftest.c  >&5
configure:2910: $? = 0
configure:2914: test -z 
			 || test ! -s conftest.err
configure:2917: $? = 0
configure:2920: test -s conftest
configure:2923: $? = 0
configure:2935: result: yes
configure:2955: checking for getifaddrs
configure:3012: gcc -o conftest -g -O2 -I$(srcdir)   conftest.c  >&5
configure:3018: $? = 0
configure:3022: test -z 
			 || test ! -s conftest.err
configure:3025: $? = 0
configure:3028: test -s conftest
configure:3031: $? = 0
configure:3043: result: yes
configure:3059: checking for if_nametoindex
configure:3116: gcc -o conftest -g -O2 -I$(srcdir)   conftest.c  >&5
configure:3122: $? = 0
configure:3126: test -z 
			 || test ! -s conftest.err
configure:3129: $? = 0
configure:3132: test -s conftest
configure:3135: $? = 0
configure:3147: result: yes
configure:3162: checking for strlcpy
configure:3219: gcc -o conftest -g -O2 -I$(srcdir)   conftest.c  >&5
configure:3225: $? = 0
configure:3229: test -z 
			 || test ! -s conftest.err
configure:3232: $? = 0
configure:3235: test -s conftest
configure:3238: $? = 0
configure:3250: result: yes
configure:3162: checking for strlcat
configure:3219: gcc -o conftest -g -O2 -I$(srcdir)   conftest.c  >&5
configure:3225: $? = 0
configure:3229: test -z 
			 || test ! -s conftest.err
configure:3232: $? = 0
configure:3235: test -s conftest
configure:3238: $? = 0
configure:3250: result: yes
configure:3271: checking for ANSI C header files
configure:3296: gcc -c -g -O2 -I$(srcdir)  conftest.c >&5
configure:3302: $? = 0
configure:3306: test -z 
			 || test ! -s conftest.err
configure:3309: $? = 0
configure:3312: test -s conftest.o
configure:3315: $? = 0
configure:3401: gcc -o conftest -g -O2 -I$(srcdir)   conftest.c  >&5
configure:3404: $? = 0
configure:3406: ./conftest
configure:3409: $? = 0
configure:3424: result: yes
configure:3448: checking for sys/types.h
configure:3464: gcc -c -g -O2 -I$(srcdir)  conftest.c >&5
configure:3470: $? = 0
configure:3474: test -z 
			 || test ! -s conftest.err
configure:3477: $? = 0
configure:3480: test -s conftest.o
configure:3483: $? = 0
configure:3494: result: yes
configure:3448: checking for sys/stat.h
configure:3464: gcc -c -g -O2 -I$(srcdir)  conftest.c >&5
configure:3470: $? = 0
configure:3474: test -z 
			 || test ! -s conftest.err
configure:3477: $? = 0
configure:3480: test -s conftest.o
configure:3483: $? = 0
configure:3494: result: yes
configure:3448: checking for stdlib.h
configure:3464: gcc -c -g -O2 -I$(srcdir)  conftest.c >&5
configure:3470: $? = 0
configure:3474: test -z 
			 || test ! -s conftest.err
configure:3477: $? = 0
configure:3480: test -s conftest.o
configure:3483: $? = 0
configure:3494: result: yes
configure:3448: checking for string.h
configure:3464: gcc -c -g -O2 -I$(srcdir)  conftest.c >&5
configure:3470: $? = 0
configure:3474: test -z 
			 || test ! -s conftest.err
configure:3477: $? = 0
configure:3480: test -s conftest.o
configure:3483: $? = 0
configure:3494: result: yes
configure:3448: checking for memory.h
configure:3464: gcc -c -g -O2 -I$(srcdir)  conftest.c >&5
configure:3470: $? = 0
configure:3474: test -z 
			 || test ! -s conftest.err
configure:3477: $? = 0
configure:3480: test -s conftest.o
configure:3483: $? = 0
configure:3494: result: yes
configure:3448: checking for strings.h
configure:3464: gcc -c -g -O2 -I$(srcdir)  conftest.c >&5
configure:3470: $? = 0
configure:3474: test -z 
			 || test ! -s conftest.err
configure:3477: $? = 0
configure:3480: test -s conftest.o
configure:3483: $? = 0
configure:3494: result: yes
configure:3448: checking for inttypes.h
configure:3464: gcc -c -g -O2 -I$(srcdir)  conftest.c >&5
configure:3470: $? = 0
configure:3474: test -z 
			 || test ! -s conftest.err
configure:3477: $? = 0
configure:3480: test -s conftest.o
configure:3483: $? = 0
configure:3494: result: yes
configure:3448: checking for stdint.h
configure:3464: gcc -c -g -O2 -I$(srcdir)  conftest.c >&5
configure:3470: $? = 0
configure:3474: test -z 
			 || test ! -s conftest.err
configure:3477: $? = 0
configure:3480: test -s conftest.o
configure:3483: $? = 0
configure:3494: result: yes
configure:3448: checking for unistd.h
configure:3464: gcc -c -g -O2 -I$(srcdir)  conftest.c >&5
configure:3470: $? = 0
configure:3474: test -z 
			 || test ! -s conftest.err
configure:3477: $? = 0
configure:3480: test -s conftest.o
configure:3483: $? = 0
configure:3494: result: yes

## ---------------- ##
## Cache variables. ##
## ---------------- ##

ac_cv_c_compiler_gnu=yes
ac_cv_env_CC_set=
ac_cv_env_CC_value=
ac_cv_env_CFLAGS_set=
ac_cv_env_CFLAGS_value=
ac_cv_env_CPPFLAGS_set=
ac_cv_env_CPPFLAGS_value=
ac_cv_env_CPP_set=
ac_cv_env_CPP_value=
ac_cv_env_LDFLAGS_set=
ac_cv_env_LDFLAGS_value=
ac_cv_env_build_alias_set=
ac_cv_env_build_alias_value=
ac_cv_env_host_alias_set=
ac_cv_env_host_alias_value=
ac_cv_env_target_alias_set=
ac_cv_env_target_alias_value=
ac_cv_exeext=
ac_cv_func_getaddrinfo=yes
ac_cv_func_getifaddrs=yes
ac_cv_func_getnameinfo=yes
ac_cv_func_if_nametoindex=yes
ac_cv_func_strlcat=yes
ac_cv_func_strlcpy=yes
ac_cv_header_inttypes_h=yes
ac_cv_header_memory_h=yes
ac_cv_header_stdc=yes
ac_cv_header_stdint_h=yes
ac_cv_header_stdlib_h=yes
ac_cv_header_string_h=yes
ac_cv_header_strings_h=yes
ac_cv_header_sys_stat_h=yes
ac_cv_header_sys_types_h=yes
ac_cv_header_unistd_h=yes
ac_cv_lib_inet6_getaddrinfo=no
ac_cv_objext=o
ac_cv_path_install='/usr/bin/install -c'
ac_cv_prog_CPP='gcc -E'
ac_cv_prog_ac_ct_CC=gcc
ac_cv_prog_cc_g=yes
ac_cv_prog_cc_stdc=
ac_cv_prog_egrep='grep -E'
ac_cv_prog_make_make_set=yes

## ----------------- ##
## Output variables. ##
## ----------------- ##

CC='gcc'
CFLAGS='-g -O2 -I$(srcdir)'
CPP='gcc -E'
CPPFLAGS=''
DEFS=''
DH6OPT_DNSNAME=''
DH6OPT_IA_PD=''
DH6OPT_IA_PD_PREFIX=''
DH6OPT_REFRESHTIME=''
DHCPOPT_DNS=''
ECHO_C=''
ECHO_N='-n'
ECHO_T=''
EGREP='grep -E'
EXEEXT=''
INSTALL_DATA='${INSTALL} -m 644'
INSTALL_PROGRAM='${INSTALL}'
INSTALL_SCRIPT='${INSTALL}'
LDFLAGS=''
LIBOBJS=''
LIBS=''
LTLIBOBJS=''
OBJEXT='o'
PACKAGE_BUGREPORT=''
PACKAGE_NAME=''
PACKAGE_STRING=''
PACKAGE_TARNAME=''
PACKAGE_VERSION=''
PATH_SEPARATOR=':'
SET_MAKE=''
SHELL='/usr/local/bin/bash'
ac_ct_CC='gcc'
bindir='${exec_prefix}/bin'
build_alias=''
datadir='${prefix}/share'
dhcpopt_ntp=''
exec_prefix='NONE'
host_alias=''
includedir='${prefix}/include'
infodir='${prefix}/info'
libdir='${exec_prefix}/lib'
libexecdir='${exec_prefix}/libexec'
localdbdir=''
localstatedir='${prefix}/var'
mandir='${prefix}/man'
oldincludedir='/usr/include'
prefix='NONE'
program_transform_name='s,x,x,'
sbindir='${exec_prefix}/sbin'
sharedstatedir='${prefix}/com'
sysconfdir='${prefix}/etc'
target_alias=''

## ----------- ##
## confdefs.h. ##
## ----------- ##

#define HAVE_GETADDRINFO 1
#define HAVE_GETIFADDRS 1
#define HAVE_GETNAMEINFO 1
#define HAVE_IF_NAMETOINDEX 1
#define HAVE_INTTYPES_H 1
#define HAVE_MEMORY_H 1
#define HAVE_STDINT_H 1
#define HAVE_STDLIB_H 1
#define HAVE_STRINGS_H 1
#define HAVE_STRING_H 1
#define HAVE_STRLCAT 1
#define HAVE_STRLCPY 1
#define HAVE_SYS_STAT_H 1
#define HAVE_SYS_TYPES_H 1
#define INET6 1
#define PACKAGE_BUGREPORT ""
#define PACKAGE_NAME ""
#define PACKAGE_STRING ""
#define PACKAGE_TARNAME ""
#define PACKAGE_VERSION ""
#define STDC_HEADERS 1

configure: caught signal 2
configure: exit 1
